<?xml version="1.0" encoding="UTF-8"?>
<!-- Generated by org.testng.reporters.JUnitXMLReporter -->
<testsuite hostname="DESKTOP-G3DD0U6" name="Default test" tests="10" failures="0" timestamp="3 Mar 2020 07:35:30 GMT" time="134.781" errors="0">
  <testcase name="enterCustomerDetails" time="2.4" classname="avactis_tests.CheckoutPageTest"/>
  <testcase name="enterCustomerDetails" time="1.452" classname="avactis_tests.CheckoutPageTest"/>
  <testcase name="enterCustomerDetails" time="1.416" classname="avactis_tests.CheckoutPageTest"/>
  <testcase name="enterCustomerDetails" time="1.436" classname="avactis_tests.CheckoutPageTest"/>
  <testcase name="selectCheckboxforSameShAddTest" time="2.339" classname="avactis_tests.CheckoutPageTest"/>
  <testcase name="clickOnContinueCheckout1Test" time="0.149" classname="avactis_tests.CheckoutPageTest"/>
  <testcase name="selectBillingOptionsTest" time="3.136" classname="avactis_tests.CheckoutPageTest"/>
  <testcase name="select_shipping_method_Test" time="1.879" classname="avactis_tests.CheckoutPageTest"/>
  <testcase name="clickOnContinueCheckout2Test" time="2.122" classname="avactis_tests.CheckoutPageTest"/>
  <testcase name="placeOrderTest" time="21.696" classname="avactis_tests.CheckoutPageTest"/>
</testsuite> <!-- Default test -->
