<?xml version="1.0" encoding="UTF-8"?>
<!-- Generated by org.testng.reporters.JUnitXMLReporter -->
<testsuite hostname="DESKTOP-G3DD0U6" name="Avactis App Test Cases" tests="5" failures="0" timestamp="12 Feb 2020 13:01:35 GMT" time="189.119" errors="0">
  <testcase name="indexPageTitleTest" time="0.088" classname="avactis_tests.IndexPageTest"/>
  <testcase name="avactisLogoImageTest" time="0.181" classname="avactis_tests.IndexPageTest"/>
  <testcase name="clickOnApparelTest" time="11.341" classname="avactis_tests.IndexPageTest"/>
  <testcase name="apparelPageTitleTest" time="0.069" classname="avactis_tests.ApparelPageTest"/>
  <testcase name="clickOnProductTest" time="7.483" classname="avactis_tests.ApparelPageTest"/>
</testsuite> <!-- Avactis App Test Cases -->
